          0.0004252
          0.0022414
          0.0055124
          0.0102454
          0.0164493
          0.0241360
          0.0333196
          0.0440168
          0.0562467
          0.0700304
          0.0853908
          0.1023526
          0.1209415
          0.1411843
          0.1631081
          0.1867397
          0.2121049
          0.2392281
          0.2681307
          0.2988306
          0.3313407
          0.3656674
          0.4018092
          0.4397546
          0.4794805
          0.5209494
          0.5641075
          0.6088820
          0.6551780
          0.7028762
          0.7518298
          0.8018618
          0.8527625
          0.9042875
          0.9561559
          1.0080497
          1.0596139
          1.1104577
          1.1601573
          1.2082605
          1.2542924
          1.2977634
          1.3381784
          1.3750483
          1.4079018
          1.4362984
          1.4598414
          1.4781908
          1.4910746
          1.4983006
          1.5635605
          1.8332597
          2.3118315
          2.9881680
          3.8464299
          4.8665035
          6.0244802
          7.2932187
          8.6429809
         10.0421297
         11.4578703
         12.8570191
         14.2067813
         15.4755198
         16.6334965
         17.6535701
         18.5118320
         19.1881685
         19.6667403
         19.9364395
