 
 
 
 
 
 
 
 
 
 
 
 
 
 
 
 
 
 
 
 
 
 
 
 
 
 
 
 
 
 
 
 
 
 
 
 
 
 
 
 
 
 
 
 
 
 
 
 
 
 
 
 
 
 
 
 
 
 
 
 
 
 
 
 
 
 
 
 
 
 
 
 
 
 
 
 
 
 
 
 
 
 
 
 
 
 
 
 
 
 
 
 
 
 
 
 
 
 
 
 4.2521884902530724E-4 -1.0577130497009032
 2.241355582623646E-3 -1.057713001126968
 5.512402026190105E-3 -1.0577127467362432
 0.010245359114836445 -1.057711998680791
 0.016449321874708825 -1.0577103375220955
 0.02413598156502395 -1.057707208241375
 0.03331958792254349 -1.0577019150188968
 0.044016839978066275 -1.0576936147859763
 0.056246737412919994 -1.0576813095587247
 0.07003039284481895 -1.0576638375726905
 0.08539080011451007 -1.057639863253184
 0.10235255170052027 -1.0576078660790522
 0.12094149704060943 -1.0575661284301283
 0.1411843323016719 -1.057512722553638
 0.16310811092246227 -1.05744549684614
 0.18673966305771677 -1.0573620617300452
 0.2121049109172428 -1.0572597755130972
 0.23922806598508736 -1.0571357307631272
 0.26813069331485694 -1.0569867419171956
 0.2988306276516263 -1.0568093350844143
 0.33134072618879994 -1.05659974130642
 0.36566744353108704 -1.056353894919974
 0.4018092161489271 -1.0560674391332045
 0.439754646568723 -1.0557357414871497
 0.47948048208534765 -1.0553539225270738
 0.5209493892833531 -1.0549169017403465
 0.5641075345051474 -1.0544194655955088
 0.6088819919920373 -1.0538563632772013
 0.6551780160762034 -1.0532224363488724
 0.7028762317279967 -1.0525127889318814
 0.7518298189689651 -1.0517230048459742
 0.801861790842538 -1.0508494172270121
 0.8527624910553292 -1.0498894340827398
 0.9042874647668522 -1.048841919701421
 0.9561558823433728 -1.0477076264600642
 1.008049718482377 -1.0464896641866752
 1.0596139044918337 -1.0451939848685327
 1.1104576755877537 -1.0438298496280487
 1.160157323442673 -1.042410233520689
 1.2082605326294622 -1.0409521134945434
 1.2542924246711752 -1.0394765780383075
 1.2977633534552626 -1.0380086962649281
 1.3381783917577223 -1.0365770919976531
 1.3750483249552698 -1.0352131866895217
 1.4079018330588333 -1.033950104083836
 1.436298408467271 -1.032821267626279
 1.45984144125246 -1.0318587644629646
 1.4781908336804585 -1.0310915905096758
 1.4910745877148106 -1.0305439179536226
 1.4983005698633522 -1.0302334668436858
 1.5635604575378714 -1.0273206992949632
 1.8332596726792971 -1.0130352820502788
 2.3118315386752357 -0.9771410828874384
 2.9881680106444754 -0.8973660856261272
 3.8464298652436053 -0.7384267780035659
 4.866503453279736 -0.48168868780987156
 6.024480231954849 -0.19967384927109482
 7.293218679382369 -0.036747150567478695
 8.642980876939783 -1.7341425073985191E-3
 10.04212967951515 -5.073614945133478E-6
 11.45787032048485 6.929139794778507E-8
 12.857019123060217 1.1161484252331577E-10
 14.206781320617631 1.8779053024840784E-14
 15.475519768045151 -5.9710429898717284E-18
 16.633496546720262 -7.297017575552243E-22
 17.653570134756392 3.1716258366919468E-24
 18.511831989355524 3.2005610246234924E-28
 19.188168461324764 4.0348392220992734E-30
 19.666740327320702 8.512804506744288E-33
 19.93643954246213 3.5811245116977795E-33
 
 
 
 
 
 
 
 
 
 
 
 
 
 
 
 
 
 
 
 
 
 
 
 
 
 
 
 
 
 
 
 
 
 
 
 
 
 
 
 
 
 
 
 
 
 
 
 
 
 
 
 
 
 
 
 
 
 
 
 
 
 
 
 
 
 
 
 
 
 
 
 
 
 
 
 
 
 
 
 
 
 
 
 
 
 
 
 
 
 
 
 
 
 
 
 
 
 
 
 
 4.2521884902530724E-4 -1.0883003682950822
 2.241355582623646E-3 -1.0883003249896865
 5.512402026190105E-3 -1.088300098190315
 0.010245359114836445 -1.088299431260062
 0.016449321874708825 -1.088297950201268
 0.02413598156502395 -1.0882951600058281
 0.03331958792254349 -1.0882904397983508
 0.044016839978066275 -1.088283036704887
 0.056246737412919994 -1.0882720583614626
 0.07003039284481895 -1.0882564639583511
 0.08539080011451007 -1.0882350536980704
 0.10235255170052027 -1.0882064565287721
 0.12094149704060943 -1.0881691160021667
 0.1411843323016719 -1.0881212740996897
 0.16310811092246227 -1.0880609528775382
 0.18673966305771677 -1.0879859338076682
 0.2121049109172428 -1.087893734748046
 0.23922806598508736 -1.0877815845754916
 0.26813069331485694 -1.08764639567654
 0.2988306276516263 -1.087484734739399
 0.33134072618879994 -1.0872927926526223
 0.36566744353108704 -1.0870663548272923
 0.4018092161489271 -1.0868007739577936
 0.439754646568723 -1.0864909481598237
 0.47948048208534765 -1.0861313086057886
 0.5209493892833531 -1.085715822234868
 0.5641075345051474 -1.0852380168343447
 0.6088819919920373 -1.0846910377076208
 0.6551780160762034 -1.0840677471234294
 0.7028762317279967 -1.0833608795362548
 0.7518298189689651 -1.0825632668030447
 0.801861790842538 -1.0816681477665794
 0.8527624910553292 -1.0806695749518113
 0.9042874647668522 -1.0795629269401532
 0.9561558823433728 -1.0783455274491442
 1.008049718482377 -1.077017360615289
 1.0596139044918337 -1.0755818562339383
 1.1104576755877537 -1.0740466992542201
 1.160157323442673 -1.0724245962011182
 1.2082605326294622 -1.070733910205652
 1.2542924246711752 -1.068999060032118
 1.2977633534552626 -1.0672505718596827
 1.3381783917577223 -1.0655246806463334
 1.3750483249552698 -1.0638624045621203
 1.4079018330588333 -1.0623080624950886
 1.436298408467271 -1.0609072683518454
 1.45984144125246 -1.0597045095129111
 1.4781908336804585 -1.0587404884901865
 1.4910745877148106 -1.0580494579611301
 1.4983005698633522 -1.057656713859217
 1.5635604575378714 -1.0539369498597637
 1.8332596726792971 -1.03492122622746
 2.3118315386752357 -0.9834725188204922
 2.9881680106444754 -0.8615764912808038
 3.8464298652436053 -0.6203551704378942
 4.866503453279736 -0.28891166530681916
 6.024480231954849 -0.055774186037910275
 7.293218679382369 -2.0446716282673726E-3
 8.642980876939783 1.3569715921693413E-6
 10.04212967951515 2.0764229611339743E-8
 11.45787032048485 2.053930217948092E-12
 12.857019123060217 -1.474432876444336E-16
 14.206781320617631 3.1790803234674633E-20
 15.475519768045151 2.6524300310752333E-25
 16.633496546720262 1.6724113594679076E-29
 17.653570134756392 4.047890390810644E-34
 18.511831989355524 -3.886973721901524E-40
 19.188168461324764 8.807267006515916E-42
 19.666740327320702 2.3126070701314304E-44
 19.93643954246213 5.823564935929382E-46
 
 
 
 
 
 
 
 
 
 
 
 
 
 
 
 
 
 
 
 
 
 
 
 
 
 
 
 
 
 
 
 
 
 
 
 
 
 
 
 
 
 
 
 
 
 
 
 
 
 
 
 
 
 
 
 
 
 
 
 
 
 
 
 
 
 
 
 
 
 
 
 
 
 
 
 
 
 
 
 
 
 
 
 
 
 
 
 
 
 
 
 
 
 
 
 
 
 
 
 
 4.2521884902530724E-4 -1.1085077458024445
 2.241355582623646E-3 -1.1085077094829696
 5.512402026190105E-3 -1.108507519269156
 0.010245359114836445 -1.1085069599117802
 0.016449321874708825 -1.1085057176810788
 0.02413598156502395 -1.1085033771934591
 0.03331958792254349 -1.1084994170930047
 0.044016839978066275 -1.1084932044458082
 0.056246737412919994 -1.108483987661553
 0.07003039284481895 -1.108470887708327
 0.08539080011451007 -1.1084528873328944
 0.10235255170052027 -1.1084288179404482
 0.12094149704060943 -1.1083973437268628
 0.1411843323016719 -1.1083569425967465
 0.16310811092246227 -1.108305883348165
 0.18673966305771677 -1.1082421985699135
 0.2121049109172428 -1.1081636526937541
 0.23922806598508736 -1.1080677046931657
 0.26813069331485694 -1.1079514650497408
 0.2988306276516263 -1.1078116468558008
 0.33134072618879994 -1.107644511334659
 0.36566744353108704 -1.1074458086960927
 0.4018092161489271 -1.1072107161707218
 0.439754646568723 -1.1069337763555742
 0.47948048208534765 -1.1066088407216814
 0.5209493892833531 -1.106229025334738
 0.5641075345051474 -1.1057866885319131
 0.6088819919920373 -1.1052734434224638
 0.6551780160762034 -1.1046802214658921
 0.7028762317279967 -1.1039974066984015
 0.7518298189689651 -1.103215062889609
 0.801861790842538 -1.1023232772339297
 0.8527624910553292 -1.1013126430817217
 0.9042874647668522 -1.1001748994610964
 0.9561558823433728 -1.098903735439486
 1.008049718482377 -1.0974957516294192
 1.0596139044918337 -1.0959515488396796
 1.1104576755877537 -1.0942768855580093
 1.160157323442673 -1.0924838137307486
 1.2082605326294622 -1.0905916702089215
 1.2542924246711752 -1.0886277752334245
 1.2977633534552626 -1.0866276768219733
 1.3381783917577223 -1.0846347884725155
 1.3750483249552698 -1.0826993031124974
 1.4079018330588333 -1.080876330742574
 1.436298408467271 -1.0792232970086081
 1.45984144125246 -1.077796744504591
 1.4781908336804585 -1.0766487809900582
 1.4910745877148106 -1.075823493401954
 1.4983005698633522 -1.0753535755691976
 1.5635604575378714 -1.0708735751341604
 1.8332596726792971 -1.047337372667831
 2.3118315386752357 -0.9809503416811773
 2.9881680106444754 -0.820431362065381
 3.8464298652436053 -0.5175224639067846
 4.866503453279736 -0.17215964525514981
 6.024480231954849 -0.015263120839317608
 7.293218679382369 -7.927656424251301E-5
 8.642980876939783 2.952260333563971E-7
 10.04212967951515 5.825853667273982E-11
 11.45787032048485 -6.379948234498364E-15
 12.857019123060217 -1.7726978134220491E-19
 14.206781320617631 -4.8253481834578935E-25
 15.475519768045151 -1.0050019645269937E-30
 16.633496546720262 4.114554636268525E-37
 17.653570134756392 -1.2587147006567499E-42
 18.511831989355524 2.6057915438533592E-47
 19.188168461324764 6.546892302695629E-53
 19.666740327320702 9.638973151319942E-56
 19.93643954246213 6.125241759940587E-57
 
 
 
 
 
 
 
 
 
 
 
 
 
 
 
 
 
 
 
 
 
 
 
 
 
 
 
 
 
 
 
 
 
 
 
 
 
 
 
 
 
 
 
 
 
 
 
 
 
 
 
 
 
 
 
 
 
 
 
 
 
 
 
 
 
 
 
 
 
 
 
 
 
 
 
 
 
 
 
 
 
 
 
 
 
 
 
 
 
 
 
 
 
 
 
 
 
 
 
 
 4.2521884902530724E-4 -1.123428897154024
 2.241355582623646E-3 -1.123428868766706
 5.512402026190105E-3 -1.1234287200940462
 0.010245359114836445 -1.1234282828816146
 0.016449321874708825 -1.1234273118369448
 0.02413598156502395 -1.1234254820079461
 0.03331958792254349 -1.1234223850991031
 0.044016839978066275 -1.1234175245069515
 0.056246737412919994 -1.123410308786726
 0.07003039284481895 -1.1234000431826456
 0.08539080011451007 -1.123385918763535
 0.10235255170052027 -1.1233669986038803
 0.12094149704060943 -1.123342200339206
 0.1411843323016719 -1.123310274308289
 0.16310811092246227 -1.1232697763803562
 0.18673966305771677 -1.1232190344656631
 0.2121049109172428 -1.123156107641028
 0.23922806598508736 -1.1230787368158015
 0.26813069331485694 -1.1229842859561751
 0.2988306276516263 -1.122869673127953
 0.33134072618879994 -1.12273129107641
 0.36566744353108704 -1.1225649178185412
 0.4018092161489271 -1.1223656188747417
 0.439754646568723 -1.1221276444204215
 0.47948048208534765 -1.1218443268984596
 0.5209493892833531 -1.1215079875876476
 0.5641075345051474 -1.1211098643067258
 0.6088819919920373 -1.1206400767948063
 0.6551780160762034 -1.120087651145186
 0.7028762317279967 -1.1194406295641654
 0.7518298189689651 -1.1186862959794294
 0.801861790842538 -1.1178115505912178
 0.8527624910553292 -1.116803465944609
 0.9042874647668522 -1.1156500518077996
 0.9561558823433728 -1.1143412442615914
 1.008049718482377 -1.1128701143649348
 1.0596139044918337 -1.1112342627404614
 1.1104576755877537 -1.109437329021356
 1.160157323442673 -1.1074905020228282
 1.2082605326294622 -1.1054138730699338
 1.2542924246711752 -1.103237439099652
 1.2977633534552626 -1.1010015438548221
 1.3381783917577223 -1.0987565548464561
 1.3750483249552698 -1.0965616186491884
 1.4079018330588333 -1.0944824201802327
 1.436298408467271 -1.0925879878545474
 1.45984144125246 -1.0909467220087225
 1.4781908336804585 -1.0896219565670834
 1.4910745877148106 -1.0886674613232567
 1.4983005698633522 -1.0881232154154474
 1.5635604575378714 -1.0829091860070505
 1.8332596726792971 -1.0549787196318956
 2.3118315386752357 -0.9741376656810755
 2.9881680106444754 -0.7782105507762693
 3.8464298652436053 -0.4303859715980214
 4.866503453279736 -0.10221894817698875
 6.024480231954849 -4.0480180303935084E-3
 7.293218679382369 3.7989055437067075E-6
 8.642980876939783 1.4639792174015199E-8
 10.04212967951515 4.0874218849180756E-13
 11.45787032048485 -4.7195952806895744E-17
 12.857019123060217 -3.8771320506838703E-22
 14.206781320617631 -3.958569345365575E-28
 15.475519768045151 -9.611535678395921E-35
 16.633496546720262 -1.0544138681758729E-41
 17.653570134756392 -1.2906964251957374E-48
 18.511831989355524 -7.578307297993385E-55
 19.188168461324764 -5.656642759069214E-60
 19.666740327320702 -4.8269940568089393E-64
 19.93643954246213 -3.1478858330658145E-66
 
 
 
 
 
 
 
 
 
 
 
 
 
 
 
 
 
 
 
 
 
 
 
 
 
 
 
 
 
 
 
 
 
 
 
 
 
 
 
 
 
 
 
 
 
 
 
 
 
 
 
 
 
 
 
 
 
 
 
 
 
 
 
 
 
 
 
 
 
 
 
 
 
 
 
 
 
 
 
 
 
 
 
 
 
 
 
 
 
 
 
 
 
 
 
 
 
 
 
 
 4.2521884902530724E-4 -1.135024173079139
 2.241355582623646E-3 -1.1350241532484048
 5.512402026190105E-3 -1.1350240493871337
 0.010245359114836445 -1.1350237439358752
 0.016449321874708825 -1.1350230654306356
 0.02413598156502395 -1.1350217864828646
 0.03331958792254349 -1.1350196207944156
 0.044016839978066275 -1.135016218911283
 0.056246737412919994 -1.1350111623239556
 0.07003039284481895 -1.1350039554112112
 0.08539080011451007 -1.1349940145957351
 0.10235255170052027 -1.1349806539339766
 0.12094149704060943 -1.1349630662001557
 0.1411843323016719 -1.134940298349794
 0.16310811092246227 -1.1349112200701421
 0.18673966305771677 -1.1348744839581497
 0.2121049109172428 -1.1348284757338373
 0.23922806598508736 -1.1347712528326565
 0.26813069331485694 -1.13470046977209
 0.2988306276516263 -1.1346132889210513
 0.33134072618879994 -1.1345062758007684
 0.36566744353108704 -1.1343752789195145
 0.4018092161489271 -1.1342152955178892
 0.439754646568723 -1.1340203266189192
 0.47948048208534765 -1.1337832275813617
 0.5209493892833531 -1.1334955640698205
 0.5641075345051474 -1.1331474880456062
 0.6088819919920373 -1.132727654002267
 0.6551780160762034 -1.1322232019884121
 0.7028762317279967 -1.131619840475501
 0.7518298189689651 -1.1309020679741783
 0.801861790842538 -1.130053576171553
 0.8527624910553292 -1.1290578774777983
 0.9042874647668522 -1.1278991940617597
 0.9561558823433728 -1.1265636313811431
 1.008049718482377 -1.125040634802839
 1.0596139044918337 -1.123324692030662
 1.1104576755877537 -1.12141719737119
 1.160157323442673 -1.119328339714833
 1.2082605326294622 -1.1170788211651176
 1.2542924246711752 -1.1147011675626448
 1.2977633534552626 -1.1122403681973205
 1.3381783917577223 -1.109753592526257
 1.3750483249552698 -1.1073087864982231
 1.4079018330588333 -1.1049820532710972
 1.436298408467271 -1.1028538661344615
 1.45984144125246 -1.10100432779278
 1.4781908336804585 -1.0995078523562278
 1.4910745877148106 -1.0984277655310314
 1.4983005698633522 -1.0978112352958873
 1.5635604575378714 -1.0918822176458002
 1.8332596726792971 -1.0596562720050521
 2.3118315386752357 -0.9648069521634589
 2.9881680106444754 -0.7364896769313753
 3.8464298652436053 -0.3573099929856334
 4.866503453279736 -0.0605120304694913
 6.024480231954849 -1.0147790333795464E-3
 7.293218679382369 1.8967812544082463E-6
 8.642980876939783 9.420045203103491E-10
 10.04212967951515 1.9737599449446766E-14
 11.45787032048485 -4.042428174559616E-19
 12.857019123060217 -1.0909660629236275E-24
 14.206781320617631 -2.9610825980416032E-31
 15.475519768045151 -1.7582647161070731E-38
 16.633496546720262 -4.7189052711978184E-46
 17.653570134756392 -1.204757514034698E-53
 18.511831989355524 -1.0155023768533887E-60
 19.188168461324764 -1.502209121627847E-66
 19.666740327320702 -1.188808427105243E-70
 19.93643954246213 -3.8472862922585404E-73
 
 
 
 
 
 
 
 
 
 
 
 
 
 
 
 
 
 
 
 
 
 
 
 
 
 
 
 
 
 
 
 
 
 
 
 
 
 
 
 
 
 
 
 
 
 
 
 
 
 
 
 
 
 
 
 
 
 
 
 
 
 
 
 
 
 
 
 
 
 
 
 
 
 
 
 
 
 
 
 
 
 
 
 
 
 
 
 
 
 
 
 
 
 
 
 
 
 
 
 
 4.2521884902530724E-4 -1.1442851558519513
 2.241355582623646E-3 -1.144285145025554
 5.512402026190105E-3 -1.1442850883206174
 0.010245359114836445 -1.1442849215259622
 0.016449321874708825 -1.144284550871981
 0.02413598156502395 -1.1442838516482403
 0.03331958792254349 -1.1442826659636675
 0.044016839978066275 -1.1442807992748398
 0.056246737412919994 -1.144278015185303
 0.07003039284481895 -1.1442740278759091
 0.08539080011451007 -1.1442684913595857
 0.10235255170052027 -1.1442609845630626
 0.12094149704060943 -1.1442509910235107
 0.1411843323016719 -1.144237871754407
 0.16310811092246227 -1.1442208295920677
 0.18673966305771677 -1.1441988630990036
 0.2121049109172428 -1.1441707078996325
 0.23922806598508736 -1.1441347631990301
 0.26813069331485694 -1.1440890012435265
 0.2988306276516263 -1.1440308577031792
 0.33134072618879994 -1.1439571014943505
 0.36566744353108704 -1.1438636835477555
 0.4018092161489271 -1.1437455656212291
 0.439754646568723 -1.143596532636036
 0.47948048208534765 -1.1434089953637407
 0.5209493892833531 -1.1431737947706814
 0.5641075345051474 -1.1428800250326411
 0.6088819919920373 -1.1425148991277398
 0.6551780160762034 -1.1420636887420245
 0.7028762317279967 -1.1415097783925227
 0.7518298189689651 -1.140834881153682
 0.801861790842538 -1.1400194685874533
 0.8527624910553292 -1.1390434682634451
 0.9042874647668522 -1.137887275951584
 0.9561558823433728 -1.136533113285466
 1.008049718482377 -1.1349667328489012
 1.0596139044918337 -1.1331794297783548
 1.1104576755877537 -1.1311702628315665
 1.160157323442673 -1.1289483224574441
 1.2082605326294622 -1.1265348168049065
 1.2542924246711752 -1.1239646910293594
 1.2977633534552626 -1.1212874658161768
 1.3381783917577223 -1.1185669931000072
 1.3750483249552698 -1.11587989215009
 1.4079018330588333 -1.1133125509766235
 1.436298408467271 -1.11095674809232
 1.45984144125246 -1.1089041466938152
 1.4781908336804585 -1.1072401044732358
 1.4910745877148106 -1.1060373821464917
 1.4983005698633522 -1.105350243472704
 1.5635604575378714 -1.098722037385348
 1.8332596726792971 -1.0622879387869015
 2.3118315386752357 -0.9538612153606144
 2.9881680106444754 -0.6959940136700712
 3.8464298652436053 -0.29634527644294134
 4.866503453279736 -0.03570840944619421
 6.024480231954849 -2.2641887132112504E-4
 7.293218679382369 4.664529738227968E-7
 8.642980876939783 9.600228892170503E-11
 10.04212967951515 1.479513344423279E-15
 11.45787032048485 -3.701833480072853E-21
 12.857019123060217 -4.034009400462382E-27
 14.206781320617631 -2.9562781901376987E-34
 15.475519768045151 -4.318015752209748E-42
 16.633496546720262 -2.9438004061975665E-50
 17.653570134756392 -2.1885379844852697E-58
 18.511831989355524 -3.9266435292112716E-66
 19.188168461324764 -1.7348506971109353E-72
 19.666740327320702 -2.4720398911953932E-77
 19.93643954246213 -4.0782154311491775E-80
 
 
 
 
 
 
 
 
 
 
 
 
 
 
 
 
 
 
 
 
 
 
 
 
 
 
 
 
 
 
 
 
 
 
 
 
 
 
 
 
 
 
 
 
 
 
 
 
 
 
 
 
 
 
 
 
 
 
 
 
 
 
 
 
 
 
 
 
 
 
 
 
 
 
 
 
 
 
 
 
 
 
 
 
 
 
 
 
 
 
 
 
 
 
 
 
 
 
 
 
 4.2521884902530724E-4 -1.1517950380312951
 2.241355582623646E-3 -1.1517950365431262
 5.512402026190105E-3 -1.1517950287431726
 0.010245359114836445 -1.1517950057471211
 0.016449321874708825 -1.151794954362735
 0.02413598156502395 -1.151794856372167
 0.03331958792254349 -1.1517946870725401
 0.044016839978066275 -1.151794412621758
 0.056246737412919994 -1.151793985587145
 0.07003039284481895 -1.1517933379194886
 0.08539080011451007 -1.1517923703700487
 0.10235255170052027 -1.1517909371320318
 0.12094149704060943 -1.1517888242207858
 0.1411843323016719 -1.1517857198137011
 0.16310811092246227 -1.151781174462057
 0.18673966305771677 -1.1517745487822192
 0.2121049109172428 -1.1517649459635066
 0.23922806598508736 -1.1517511262427837
 0.26813069331485694 -1.1517314004581025
 0.2988306276516263 -1.1517034999999258
 0.33134072618879994 -1.1516644210515825
 0.36566744353108704 -1.1516102421076466
 0.4018092161489271 -1.1515359155689663
 0.439754646568723 -1.1514350369519035
 0.47948048208534765 -1.1512995991406045
 0.5209493892833531 -1.1511197443576715
 0.5641075345051474 -1.1508835332558162
 0.6088819919920373 -1.1505767587164821
 0.6551780160762034 -1.1501828412962298
 0.7028762317279967 -1.1496828531161265
 0.7518298189689651 -1.149055726142173
 0.801861790842538 -1.14827870740424
 0.8527624910553292 -1.1473281251921443
 0.9042874647668522 -1.146180523486046
 0.9561558823433728 -1.1448142033701398
 1.008049718482377 -1.143211176837517
 1.0596139044918337 -1.1413594884416777
 1.1104576755877537 -1.1392557944982428
 1.160157323442673 -1.1369080127012023
 1.2082605326294622 -1.1343377766526134
 1.2542924246711752 -1.1315823643380424
 1.2977633534552626 -1.1286957348379635
 1.3381783917577223 -1.1257483215363992
 1.3750483249552698 -1.1228253061881814
 1.4079018330588333 -1.1200232400593801
 1.436298408467271 -1.117445075713322
 1.45984144125246 -1.1151939005248108
 1.4781908336804585 -1.113365882402731
 1.4910745877148106 -1.112043097763068
 1.4983005698633522 -1.1112868136212485
 1.5635604575378714 -1.1039733592386147
 1.8332596726792971 -1.0634121357142851
 2.3118315386752357 -0.9418290664933485
 2.9881680106444754 -0.657078158117983
 3.8464298652436053 -0.24563731604761607
 4.866503453279736 -0.020990575502809697
 6.024480231954849 -3.639718948838515E-5
 7.293218679382369 1.1142893545466178E-7
 8.642980876939783 1.4726576944349535E-11
 10.04212967951515 1.4447371095502356E-16
 11.45787032048485 6.929937628931509E-24
 12.857019123060217 -1.588272429229886E-29
 14.206781320617631 -3.5033943780762694E-37
 15.475519768045151 -1.2940503331763927E-45
 16.633496546720262 -2.2623099107012107E-54
 17.653570134756392 -5.002065167944688E-63
 18.511831989355524 -3.232307898141618E-71
 19.188168461324764 -2.8307617529410872E-78
 19.666740327320702 -2.4192478516789796E-83
 19.93643954246213 -2.176963407194777E-86
 
 
 
 
 
 
 
 
 
 
 
 
 
 
 
 
 
 
 
 
 
 
 
 
 
 
 
 
 
 
 
 
 
 
 
 
 
 
 
 
 
 
 
 
 
 
 
 
 
 
 
 
 
 
 
 
 
 
 
 
 
 
 
 
 
 
 
 
 
 
 
 
 
 
 
 
 
 
 
 
 
 
 
 
 
 
 
 
 
 
 
 
 
 
 
 
 
 
 
 
 4.2521884902530724E-4 -1.1579325298586184
 2.241355582623646E-3 -1.157932537964688
 5.512402026190105E-3 -1.1579325804104876
 0.010245359114836445 -1.1579327051556747
 0.016449321874708825 -1.1579329817960306
 0.02413598156502395 -1.1579335015314928
 0.03331958792254349 -1.1579343765146021
 0.044016839978066275 -1.1579357380477357
 0.056246737412919994 -1.1579377329213151
 0.07003039284481895 -1.1579405169779912
 0.08539080011451007 -1.1579442447442398
 0.10235255170052027 -1.157949053689357
 0.12094149704060943 -1.1579550413516477
 0.1411843323016719 -1.157962233218281
 0.16310811092246227 -1.1579705388700274
 0.18673966305771677 -1.1579796935268478
 0.2121049109172428 -1.1579891817896326
 0.23922806598508736 -1.157998140122052
 0.26813069331485694 -1.1580052345308775
 0.2988306276516263 -1.1580085100917487
 0.33134072618879994 -1.1580052095723156
 0.36566744353108704 -1.1579915596080991
 0.4018092161489271 -1.1579625249089662
 0.439754646568723 -1.1579115340689067
 0.47948048208534765 -1.1578301849840673
 0.5209493892833531 -1.1577079438972126
 0.5641075345051474 -1.157531859839886
 0.6088819919920373 -1.1572863257245762
 0.6551780160762034 -1.1569529282392798
 0.7028762317279967 -1.1565104402604242
 0.7518298189689651 -1.1559350203565126
 0.801861790842538 -1.1552006919751676
 0.8527624910553292 -1.154280177134259
 0.9042874647668522 -1.153146152195893
 0.9561558823433728 -1.1517729725580045
 1.008049718482377 -1.15013887520817
 1.0596139044918337 -1.1482286109379817
 1.1104576755877537 -1.14603638251597
 1.160157323442673 -1.1435688767086842
 1.2082605326294622 -1.1408480878102791
 1.2542924246711752 -1.1379135550076926
 1.2977633534552626 -1.1348235960576971
 1.3381783917577223 -1.131655136010559
 1.3750483249552698 -1.1285018172114302
 1.4079018330588333 -1.1254702391751214
 1.436298408467271 -1.122674401756378
 1.45984144125246 -1.1202286827841911
 1.4781908336804585 -1.1182399282474175
 1.4910745877148106 -1.11679941130637
 1.4983005698633522 -1.1159753095895657
 1.5635604575378714 -1.1079893716024544
 1.8332596726792971 -1.0633780728115762
 2.3118315386752357 -0.9290506811477258
 2.9881680106444754 -0.6199098059199245
 3.8464298652436053 -0.2035365390182132
 4.866503453279736 -0.012278775637241637
 6.024480231954849 2.198498851756961E-6
 7.293218679382369 2.8857206023399835E-8
 8.642980876939783 2.7449230448000616E-12
 10.04212967951515 1.5431278892915735E-17
 11.45787032048485 3.1848171281213607E-24
 12.857019123060217 -2.1555720058358714E-32
 14.206781320617631 -3.693808352883009E-40
 15.475519768045151 -3.9590448383631145E-49
 16.633496546720262 -1.8670195502937602E-58
 17.653570134756392 -1.2607198461374696E-67
 18.511831989355524 -3.167940034738623E-76
 19.188168461324764 -7.426228280687782E-84
 19.666740327320702 -3.5256806712371104E-89
 19.93643954246213 -1.4725471642736314E-92
 
 
 
 
 
 
 
 
 
 
 
 
 
 
 
 
 
 
 
 
 
 
 
 
 
 
 
 
 
 
 
 
 
 
 
 
 
 
 
 
 
 
 
 
 
 
 
 
 
 
 
 
 
 
 
 
 
 
 
 
 
 
 
 
 
 
 
 
 
 
 
 
 
 
 
 
 
 
 
 
 
 
 
 
 
 
 
 
 
 
 
 
 
 
 
 
 
 
 
 
 4.2521884902530724E-4 -1.1629600377249642
 2.241355582623646E-3 -1.1629600556266372
 5.512402026190105E-3 -1.162960149372775
 0.010245359114836445 -1.1629604249603096
 0.016449321874708825 -1.1629610365119604
 0.02413598156502395 -1.1629621869467221
 0.03331958792254349 -1.1629641281582954
 0.044016839978066275 -1.1629671600913393
 0.056246737412919994 -1.1629716279025017
 0.07003039284481895 -1.1629779161538158
 0.08539080011451007 -1.1629864387039323
 0.10235255170052027 -1.1629976226356921
 0.12094149704060943 -1.1630118841853047
 0.1411843323016719 -1.163029594224696
 0.16310811092246227 -1.1630510304065178
 0.18673966305771677 -1.163076312634815
 0.2121049109172428 -1.1631053181122932
 0.23922806598508736 -1.1631375718982832
 0.26813069331485694 -1.1631721087761941
 0.2988306276516263 -1.1632073023978721
 0.33134072618879994 -1.163240658306091
 0.36566744353108704 -1.1632685687425781
 0.4018092161489271 -1.1632860293802615
 0.439754646568723 -1.163286321565368
 0.47948048208534765 -1.1632606686252624
 0.5209493892833531 -1.1631978815769026
 0.5641075345051474 -1.1630840183520267
 0.6088819919920373 -1.162902091441353
 0.6551780160762034 -1.1626318713195711
 0.7028762317279967 -1.1622498463073638
 0.7518298189689651 -1.161729412115757
 0.801861790842538 -1.161041373792045
 0.8527624910553292 -1.1601548457816821
 0.9042874647668522 -1.1590386281351308
 0.9561558823433728 -1.1576631138994328
 1.008049718482377 -1.156002740246989
 1.0596139044918337 -1.1540389314617376
 1.1104576755877537 -1.1517633965270293
 1.160157323442673 -1.149181543950789
 1.2082605326294622 -1.1463156742883877
 1.2542924246711752 -1.143207525655581
 1.2977633534552626 -1.1399197027631406
 1.3381783917577223 -1.1365355389219744
 1.3750483249552698 -1.1331570398327686
 1.4079018330588333 -1.1299007412687815
 1.436298408467271 -1.1268915652162698
 1.45984144125246 -1.124255046749602
 1.4781908336804585 -1.1221085776116128
 1.4910745877148106 -1.120552508220553
 1.4983005698633522 -1.1196618335801311
 1.5635604575378714 -1.1110154571968864
 1.8332596726792971 -1.0624287001053003
 2.3118315386752357 -0.9157604352337918
 2.9881680106444754 -0.584554945273152
 3.8464298652436053 -0.1686195313411364
 4.866503453279736 -7.1376114100315194E-3
 6.024480231954849 6.264315026822867E-6
 7.293218679382369 8.275604850426153E-9
 8.642980876939783 5.507760256730951E-13
 10.04212967951515 1.64140066280896E-18
 11.45787032048485 1.8998842216565726E-25
 12.857019123060217 8.414757352657743E-34
 14.206781320617631 1.487522519592611E-44
 15.475519768045151 -8.035386732483462E-53
 16.633496546720262 -1.305539146589045E-62
 17.653570134756392 -2.9436639585507253E-72
 18.511831989355524 -3.016033136886323E-81
 19.188168461324764 -2.9511133563775758E-89
 19.666740327320702 -6.933912216770306E-95
 19.93643954246213 -1.4129580375799013E-98
 
 
 
 
 
 
 
 
 
 
 
 
 
 
 
 
 
 
 
 
 
 
 
 
 
 
 
 
 
 
 
 
 
 
 
 
 
 
 
 
 
 
 
 
 
 
 
 
 
 
 
 
 
 
 
 
 
 
 
 
 
 
 
 
 
 
 
 
 
 
 
 
 
 
 
 
 
 
 
 
 
 
 
 
 
 
 
 
 
 
 
 
 
 
 
 
 
 
 
 
 4.2521884902530724E-4 -1.1670675595607926
 2.241355582623646E-3 -1.1670675874197804
 5.512402026190105E-3 -1.1670677333131778
 0.010245359114836445 -1.1670681622335374
 0.016449321874708825 -1.1670691142271323
 0.02413598156502395 -1.1670709057805876
 0.03331958792254349 -1.167073930847524
 0.044016839978066275 -1.1670786608269096
 0.056246737412919994 -1.1670856425752034
 0.07003039284481895 -1.1670954932628587
 0.08539080011451007 -1.1671088905651838
 0.10235255170052027 -1.1671265563050272
 0.12094149704060943 -1.1671492312384914
 0.1411843323016719 -1.167177638200623
 0.16310811092246227 -1.1672124303188107
 0.18673966305771677 -1.1672541204834947
 0.2121049109172428 -1.1673029877814673
 0.23922806598508736 -1.167358956213488
 0.26813069331485694 -1.1674214408313743
 0.2988306276516263 -1.1674891565758931
 0.33134072618879994 -1.1675598857566318
 0.36566744353108704 -1.1676302015202995
 0.4018092161489271 -1.1676951470898806
 0.439754646568723 -1.1677478743518776
 0.47948048208534765 -1.1677792508735267
 0.5209493892833531 -1.167777451974497
 0.5641075345051474 -1.167727564287832
 0.6088819919920373 -1.1676112393417408
 0.6551780160762034 -1.1674064497246332
 0.7028762317279967 -1.1670874154404302
 0.7518298189689651 -1.1666247824094007
 0.801861790842538 -1.16598614602815
 0.8527624910553292 -1.1651370164939687
 0.9042874647668522 -1.1640423144872631
 0.9561558823433728 -1.162668460564965
 1.008049718482377 -1.1609860744908186
 1.0596139044918337 -1.1589732289262482
 1.1104576755877537 -1.1566191065377293
 1.160157323442673 -1.1539277976482467
 1.2082605326294622 -1.1509218613681027
 1.2542924246711752 -1.1476451781769037
 1.2977633534552626 -1.1441645724577742
 1.3381783917577223 -1.140569705424508
 1.3750483249552698 -1.136970850572685
 1.4079018330588333 -1.133494368404994
 1.436298408467271 -1.1302759774015203
 1.45984144125246 -1.127452235593861
 1.4781908336804585 -1.1251509468154148
 1.4910745877148106 -1.1234814179591361
 1.4983005698633522 -1.1225253671207635
 1.5635604575378714 -1.1132301902197732
 1.8332596726792971 -1.060741250733918
 2.3118315386752357 -0.9021275691304601
 2.9881680106444754 -0.5510212141657955
 3.8464298652436053 -0.13967827404952576
 4.866503453279736 -4.115319455723307E-3
 6.024480231954849 4.337943758402477E-6
 7.293218679382369 2.613339982761853E-9
 8.642980876939783 1.1546872664400741E-13
 10.04212967951515 1.74233708370353E-19
 11.45787032048485 9.048249203734954E-27
 12.857019123060217 1.8079289245061415E-35
 14.206781320617631 2.176265763642034E-45
 15.475519768045151 3.2934555605762683E-56
 16.633496546720262 -1.1725196738595877E-67
 17.653570134756392 -3.8615469831210365E-77
 18.511831989355524 -2.0854391846363585E-86
 19.188168461324764 -1.1485893877435688E-94
 19.666740327320702 -1.8353068740735637E-100
 19.93643954246213 -1.265407211281856E-104
 
