          0.0700304
          0.0700304
          0.0700304
          0.0700304
          0.0700304
          0.0700304
          0.0700304
          0.0700304
          0.0700304
          0.0700304
          0.0700304
          0.0700304
          0.0700304
          0.0700304
          0.0700304
          0.0700304
          0.0700304
          0.0700304
          0.0700304
          0.0700304
          0.0700304
          0.0700304
          0.0700304
          0.0700304
          0.0700304
          0.0700304
          0.0700304
          0.0700304
          0.0700304
          0.0700304
          0.0700304
          0.0700304
          0.0700304
          0.0700304
          0.0700304
          0.0700304
          0.0700304
          0.0700304
          0.0700304
          0.0700304
          0.0700304
          0.0700304
          0.0700304
          0.0700304
          0.0700304
          0.0700304
          0.0700304
          0.0700304
          0.0700304
          0.0700304
          0.0700304
          0.0700304
          0.0700304
          0.0700304
          0.0700304
          0.0700304
          0.0700304
          0.0700304
          0.0700304
          0.0700304
          0.0700304
          0.0700304
          0.0700304
          0.0700304
          0.0700304
          0.0700304
          0.0700304
          0.0700304
          0.0700304
          0.0700304
